<?xml version="1.0" encoding="UTF-8"?>
<!-- Generated by org.testng.reporters.JUnitXMLReporter -->
<testsuite hostname="DESKTOP-29OPJE1" ignored="0" name="Test1" tests="4" failures="0" timestamp="2020-12-09T17:34:31 IST" time="0.096" errors="0">
  <testcase name="test3" time="0.009" classname="demo.TestNGParametersDemo"/>
  <testcase name="test4" time="0.009" classname="demo.TestNGParametersDemo"/>
  <testcase name="test1" time="0.0" classname="demo.TestNGParametersDemo"/>
  <testcase name="test2" time="0.0" classname="demo.TestNGParametersDemo"/>
</testsuite> <!-- Test1 -->
