<?xml version="1.0" encoding="UTF-8"?>
<!-- Generated by org.testng.reporters.JUnitXMLReporter -->
<testsuite hostname="DESKTOP-29OPJE1" ignored="0" name="Test" tests="6" failures="1" timestamp="2020-12-09T15:57:20 IST" time="0.097" errors="0">
  <testcase name="test1" time="0.012" classname="listeners.TestNGListenerDemo"/>
  <testcase name="test2" time="0.006" classname="listeners.TestNGListenerDemo">
    <failure type="java.lang.AssertionError" message="expected [true] but found [false]">
      <![CDATA[java.lang.AssertionError: expected [true] but found [false]
at listeners.TestNGListenerDemo.test2(TestNGListenerDemo.java:31)
at java.util.ArrayList.forEach(ArrayList.java:1257)
... Removed 31 stack frames]]>
    </failure>
  </testcase> <!-- test2 -->
  <testcase name="test3" time="0.003" classname="listeners.TestNGListenerDemo">
    <skipped/>
  </testcase> <!-- test3 -->
  <testcase name="test4" time="0.002" classname="listeners.TestNGListenerDemo2"/>
  <testcase name="test5" time="0.004" classname="listeners.TestNGListenerDemo2"/>
  <testcase name="test6" time="0.002" classname="listeners.TestNGListenerDemo2">
    <skipped/>
  </testcase> <!-- test6 -->
</testsuite> <!-- Test -->
